Arguments: 
  C:\Program Files\nodejs\node.exe C:\Program Files (x86)\Yarn\bin\yarn.js add --dev @types/jison

PATH: 
  C:\Program Files\PowerShell\7;C:\Program Files (x86)\VMware\VMware Player\bin\;C:\VulkanSDK\1.2.148.1\Bin;C:\Python38\Scripts\;C:\Python38\;C:\Program Files\Alacritty\;C:\VulkanSDK\1.1.106.0\Bin;C:\ProgramData\Oracle\Java\javapath;C:\Program Files (x86)\Intel\iCLS Client\;C:\Program Files\Intel\iCLS Client\;C:\WINDOWS\system32;C:\WINDOWS;C:\WINDOWS\System32\Wbem;C:\WINDOWS\System32\WindowsPowerShell\v1.0\;c:\Program Files (x86)\Microsoft SQL Server\90\Tools\binn\;C:\Qt\4.8.6bin;C:\Qt_Shadowbuild\Qt484\build-win32\lib;C:\Qt_Shadowbuild\Qt484\qtpropertybrowser-2.5_1\lib;C:\Qt_Shadowbuild\Qt484\qtwinmigrate-2.8\lib;C:\Python27;C:\WINDOWS\system32\EmbedXml;C:\Working\production\embedxml\Debug;C:\Users\flavio.ambrosi\AppData\Roaming\npm\;C:\Users\flavio.ambrosi\AppData\Local\atom\bin;C:\adb;C:\WINDOWS\system32;C:\WINDOWS;C:\WINDOWS\System32\Wbem;C:\WINDOWS\System32\WindowsPowerShell\v1.0\;C:\wamp\bin\php\php5.5.12;C:\Users\flavio.ambrosi\.dnx\bin;C:\Program Files\Microsoft DNX\Dnvm\;C:\Program Files (x86)\Windows Kits\10\Windows Performance Toolkit\;C:\Program Files (x86)\Windows Kits\8.1\Windows Performance Toolkit\;C:\Program Files\Microsoft SQL Server\130\Tools\Binn\;C:\Users\flavio.ambrosi\AppData\Roaming\nvm;C:\Program Files\nodejs;C:\Program Files (x86)\Intel\Intel(R) Management Engine Components\DAL;C:\Program Files\Intel\Intel(R) Management Engine Components\DAL;C:\Program Files (x86)\Intel\Intel(R) Management Engine Components\IPT;C:\Program Files\Intel\Intel(R) Management Engine Components\IPT;C:\Program Files (x86)\Subversion\bin;C:\Program Files\Amazon\AWSCLI\;C:\WINDOWS\SysWOW64\WindowsPowerShell\v1.0\Modules\TShell\TShell\;C:\Program Files\Emscripten\emscripten\1.35.0;C:\Program Files\Emscripten;C:\Program Files\Emscripten\clang\e1.35.0_64bit;C:\Program Files\Emscripten\node\0.12.2_64bit;C:\Program Files\Emscripten\python\2.7.5.3_64bit;C:\Program Files\Emscripten\java\7.45_64bit\bin;C:\Program Files\Emscripten\crunch\1.03;C:\Program Files\Emscripten\mingw\4.6.2_32bit;C:\Program Files\CMake\bin;C:\Program Files (x86)\Microsoft Emulator Manager\1.0\;C:\Android;C:\Windows\System32;C:\ProgramData\chocolatey\bin;C:\WINDOWS\System32\OpenSSH\;C:\Program Files\dotnet\;C:\Program Files\TortoiseGit\bin;C:\Program Files\Git LFS;C:\Program Files\TortoiseHg\;C:\Program Files (x86)\Yarn\bin\;C:\Program Files (x86)\PDFtk\bin\;C:\Program Files\nodejs\;C:\Program Files (x86)\Google\Cloud SDK\google-cloud-sdk\bin;C:\Program Files\TortoiseSVN\bin;C:\Program Files\Graphviz\bin;C:\Program Files\PowerShell\7\;C:\Program Files\Git\cmd;C:\Program Files\Docker\Docker\resources\bin;C:\ProgramData\DockerDesktop\version-bin;C:\Users\flavio.ambrosi\.cargo\bin;C:\Program Files\Docker Toolbox;C:\Program Files (x86)\Nmap;C:\Program Files (x86)\Microsoft VS Code\bin;C:\Users\flavio.ambrosi\Documents\jmobile suite\workspace\Automata\marionetta;C:\Users\flavio.ambrosi\AppData\Roaming\Python\Python35\Scripts;C:\Program Files\IBM\Bluemix\bin;C:\Users\flavio.ambrosi\AppData\Local\Microsoft\WindowsApps;C:\Program Files\Heroku\bin;C:\Program Files\RedHat;C:\Program Files\Git\bin;C:\Working\depot_tools;C:\tools\neovim\Neovim\bin;C:\Users\flavio.ambrosi\AppData\Local\Programs\Python\Python35-32\Scripts;C:\Users\flavio.ambrosi\Documents\bat;C:\Users\flavio.ambrosi\AppData\Local\Programs\Microsoft VS Code\bin;C:\Python27\Scripts;C:\Users\flavio.ambrosi\AppData\Local\hyper\app-3.0.2\resources\bin;C:\Users\flavio.ambrosi\AppData\Local\Programs\Python\Python35-32;C:\Qt512_JMobile\build-win32-ssl-install\bin;C:\Working\production\qthmi\S;C:\Users\flavio.ambrosi\Documents\bat

Yarn version: 
  1.22.4

Node version: 
  12.18.1

Platform: 
  win32 x64

Trace: 
  Error: https://registry.yarnpkg.com/@types%2fjison: Not found
      at Request.params.callback [as _callback] (C:\Program Files (x86)\Yarn\lib\cli.js:66096:18)
      at Request.self.callback (C:\Program Files (x86)\Yarn\lib\cli.js:140748:22)
      at Request.emit (events.js:315:20)
      at Request.<anonymous> (C:\Program Files (x86)\Yarn\lib\cli.js:141720:10)
      at Request.emit (events.js:315:20)
      at IncomingMessage.<anonymous> (C:\Program Files (x86)\Yarn\lib\cli.js:141642:12)
      at Object.onceWrapper (events.js:421:28)
      at IncomingMessage.emit (events.js:327:22)
      at endReadableNT (_stream_readable.js:1221:12)
      at processTicksAndRejections (internal/process/task_queues.js:84:21)

npm manifest: 
  {
    "name": "filtrCQL",
    "version": "1.0.0",
    "main": "index.js",
    "license": "MIT",
    "devDependencies": {
      "typescript": "^4.2.3"
    },
    "dependencies": {
      "jison": "^0.4.18"
    }
  }

yarn manifest: 
  No manifest

Lockfile: 
  # THIS IS AN AUTOGENERATED FILE. DO NOT EDIT THIS FILE DIRECTLY.
  # yarn lockfile v1
  
  
  JSONSelect@0.4.0:
    version "0.4.0"
    resolved "https://registry.yarnpkg.com/JSONSelect/-/JSONSelect-0.4.0.tgz#a08edcc67eb3fcbe99ed630855344a0cf282bb8d"
    integrity sha1-oI7cxn6z/L6Z7WMIVTRKDPKCu40=
  
  "JSV@>= 4.0.x":
    version "4.0.2"
    resolved "https://registry.yarnpkg.com/JSV/-/JSV-4.0.2.tgz#d077f6825571f82132f9dffaed587b4029feff57"
    integrity sha1-0Hf2glVx+CEy+d/67Vh7QCn+/1c=
  
  amdefine@>=0.0.4:
    version "1.0.1"
    resolved "https://registry.yarnpkg.com/amdefine/-/amdefine-1.0.1.tgz#4a5282ac164729e93619bcfd3ad151f817ce91f5"
    integrity sha1-SlKCrBZHKek2Gbz9OtFR+BfOkfU=
  
  ansi-styles@~1.0.0:
    version "1.0.0"
    resolved "https://registry.yarnpkg.com/ansi-styles/-/ansi-styles-1.0.0.tgz#cb102df1c56f5123eab8b67cd7b98027a0279178"
    integrity sha1-yxAt8cVvUSPquLZ817mAJ6AnkXg=
  
  chalk@~0.4.0:
    version "0.4.0"
    resolved "https://registry.yarnpkg.com/chalk/-/chalk-0.4.0.tgz#5199a3ddcd0c1efe23bc08c1b027b06176e0c64f"
    integrity sha1-UZmj3c0MHv4jvAjBsCewYXbgxk8=
    dependencies:
      ansi-styles "~1.0.0"
      has-color "~0.1.0"
      strip-ansi "~0.1.0"
  
  cjson@0.3.0:
    version "0.3.0"
    resolved "https://registry.yarnpkg.com/cjson/-/cjson-0.3.0.tgz#e6439b90703d312ff6e2224097bea92ce3d02a14"
    integrity sha1-5kObkHA9MS/24iJAl76pLOPQKhQ=
    dependencies:
      jsonlint "1.6.0"
  
  colors@0.5.x:
    version "0.5.1"
    resolved "https://registry.yarnpkg.com/colors/-/colors-0.5.1.tgz#7d0023eaeb154e8ee9fce75dcb923d0ed1667774"
    integrity sha1-fQAj6usVTo7p/Oddy5I9DtFmd3Q=
  
  ebnf-parser@0.1.10:
    version "0.1.10"
    resolved "https://registry.yarnpkg.com/ebnf-parser/-/ebnf-parser-0.1.10.tgz#cd1f6ba477c5638c40c97ed9b572db5bab5d8331"
    integrity sha1-zR9rpHfFY4xAyX7ZtXLbW6tdgzE=
  
  escodegen@1.3.x:
    version "1.3.3"
    resolved "https://registry.yarnpkg.com/escodegen/-/escodegen-1.3.3.tgz#f024016f5a88e046fd12005055e939802e6c5f23"
    integrity sha1-8CQBb1qI4Eb9EgBQVek5gC5sXyM=
    dependencies:
      esprima "~1.1.1"
      estraverse "~1.5.0"
      esutils "~1.0.0"
    optionalDependencies:
      source-map "~0.1.33"
  
  esprima@1.1.x, esprima@~1.1.1:
    version "1.1.1"
    resolved "https://registry.yarnpkg.com/esprima/-/esprima-1.1.1.tgz#5b6f1547f4d102e670e140c509be6771d6aeb549"
    integrity sha1-W28VR/TRAuZw4UDFCb5ncdautUk=
  
  estraverse@~1.5.0:
    version "1.5.1"
    resolved "https://registry.yarnpkg.com/estraverse/-/estraverse-1.5.1.tgz#867a3e8e58a9f84618afb6c2ddbcd916b7cbaf71"
    integrity sha1-hno+jlip+EYYr7bC3bzZFrfLr3E=
  
  esutils@~1.0.0:
    version "1.0.0"
    resolved "https://registry.yarnpkg.com/esutils/-/esutils-1.0.0.tgz#8151d358e20c8acc7fb745e7472c0025fe496570"
    integrity sha1-gVHTWOIMisx/t0XnRywAJf5JZXA=
  
  has-color@~0.1.0:
    version "0.1.7"
    resolved "https://registry.yarnpkg.com/has-color/-/has-color-0.1.7.tgz#67144a5260c34fc3cca677d041daf52fe7b78b2f"
    integrity sha1-ZxRKUmDDT8PMpnfQQdr1L+e3iy8=
  
  jison-lex@0.3.x:
    version "0.3.4"
    resolved "https://registry.yarnpkg.com/jison-lex/-/jison-lex-0.3.4.tgz#81ca28d84f84499dfa8c594dcde3d8a3f26ec7a5"
    integrity sha1-gcoo2E+ESZ36jFlNzePYo/Jux6U=
    dependencies:
      lex-parser "0.1.x"
      nomnom "1.5.2"
  
  jison@^0.4.18:
    version "0.4.18"
    resolved "https://registry.yarnpkg.com/jison/-/jison-0.4.18.tgz#c68a6a54bfe7028fa40bcfc6cc8bbd9ed291f502"
    integrity sha512-FKkCiJvozgC7VTHhMJ00a0/IApSxhlGsFIshLW6trWJ8ONX2TQJBBz6DlcO1Gffy4w9LT+uL+PA+CVnUSJMF7w==
    dependencies:
      JSONSelect "0.4.0"
      cjson "0.3.0"
      ebnf-parser "0.1.10"
      escodegen "1.3.x"
      esprima "1.1.x"
      jison-lex "0.3.x"
      lex-parser "~0.1.3"
      nomnom "1.5.2"
  
  jsonlint@1.6.0:
    version "1.6.0"
    resolved "https://registry.yarnpkg.com/jsonlint/-/jsonlint-1.6.0.tgz#88aa46bc289a7ac93bb46cae2d58a187a9bb494a"
    integrity sha1-iKpGvCiaesk7tGyuLVihh6m7SUo=
    dependencies:
      JSV ">= 4.0.x"
      nomnom ">= 1.5.x"
  
  lex-parser@0.1.x, lex-parser@~0.1.3:
    version "0.1.4"
    resolved "https://registry.yarnpkg.com/lex-parser/-/lex-parser-0.1.4.tgz#64c4f025f17fd53bfb45763faeb16f015a747550"
    integrity sha1-ZMTwJfF/1Tv7RXY/rrFvAVp0dVA=
  
  nomnom@1.5.2:
    version "1.5.2"
    resolved "https://registry.yarnpkg.com/nomnom/-/nomnom-1.5.2.tgz#f4345448a853cfbd5c0d26320f2477ab0526fe2f"
    integrity sha1-9DRUSKhTz71cDSYyDyR3qwUm/i8=
    dependencies:
      colors "0.5.x"
      underscore "1.1.x"
  
  "nomnom@>= 1.5.x":
    version "1.8.1"
    resolved "https://registry.yarnpkg.com/nomnom/-/nomnom-1.8.1.tgz#2151f722472ba79e50a76fc125bb8c8f2e4dc2a7"
    integrity sha1-IVH3Ikcrp55Qp2/BJbuMjy5Nwqc=
    dependencies:
      chalk "~0.4.0"
      underscore "~1.6.0"
  
  source-map@~0.1.33:
    version "0.1.43"
    resolved "https://registry.yarnpkg.com/source-map/-/source-map-0.1.43.tgz#c24bc146ca517c1471f5dacbe2571b2b7f9e3346"
    integrity sha1-wkvBRspRfBRx9drL4lcbK3+eM0Y=
    dependencies:
      amdefine ">=0.0.4"
  
  strip-ansi@~0.1.0:
    version "0.1.1"
    resolved "https://registry.yarnpkg.com/strip-ansi/-/strip-ansi-0.1.1.tgz#39e8a98d044d150660abe4a6808acf70bb7bc991"
    integrity sha1-OeipjQRNFQZgq+SmgIrPcLt7yZE=
  
  typescript@^4.2.3:
    version "4.2.3"
    resolved "https://registry.yarnpkg.com/typescript/-/typescript-4.2.3.tgz#39062d8019912d43726298f09493d598048c1ce3"
    integrity sha512-qOcYwxaByStAWrBf4x0fibwZvMRG+r4cQoTjbPtUlrWjBHbmCAww1i448U0GJ+3cNNEtebDteo/cHOR3xJ4wEw==
  
  underscore@1.1.x:
    version "1.1.7"
    resolved "https://registry.yarnpkg.com/underscore/-/underscore-1.1.7.tgz#40bab84bad19d230096e8d6ef628bff055d83db0"
    integrity sha1-QLq4S60Z0jAJbo1u9ii/8FXYPbA=
  
  underscore@~1.6.0:
    version "1.6.0"
    resolved "https://registry.yarnpkg.com/underscore/-/underscore-1.6.0.tgz#8b38b10cacdef63337b8b24e4ff86d45aea529a8"
    integrity sha1-izixDKze9jM3uLJOT/htRa6lKag=
